<?xml version="1.0" encoding="UTF-8"?>
<testsuite xmlns:xsi="http://www.w3.org/2001/XMLSchema-instance" xsi:noNamespaceSchemaLocation="https://maven.apache.org/surefire/maven-surefire-plugin/xsd/surefire-test-report-3.0.xsd" version="3.0" name="TemperatureConverterTest" time="0.101" tests="4" errors="0" skipped="0" failures="0">
  <properties>
[...]
</properties>
  <testcase name="isExtremeTemperature" classname="TemperatureConverterTest" time="0.04"/>
  <testcase name="fahrenheitToCelsius" classname="TemperatureConverterTest" time="0.009"/>
  <testcase name="kelvinToCelsius" classname="TemperatureConverterTest" time="0.001"/>
  <testcase name="celsiusToFahrenheit" classname="TemperatureConverterTest" time="0.001"/>
</testsuite>